TN:
SF:src/app.ts
FNF:0
FNH:0
DA:1,2
DA:2,2
DA:3,2
DA:4,2
DA:5,2
DA:7,2
DA:8,2
DA:9,2
DA:11,2
DA:12,2
DA:14,2
LF:11
LH:11
BRF:0
BRH:0
end_of_record
TN:
SF:src/database.ts
FNF:0
FNH:0
DA:1,3
DA:3,3
DA:4,3
LF:3
LH:3
BRF:0
BRH:0
end_of_record
TN:
SF:src/controllers/recommendationController.ts
FN:6,insert
FN:17,upvote
FN:25,downvote
FN:33,random
FN:39,get
FN:44,getTop
FN:51,getById
FNF:7
FNH:7
FNDA:7,insert
FNDA:2,upvote
FNDA:2,downvote
FNDA:1,random
FNDA:1,get
FNDA:1,getTop
FNDA:1,getById
DA:2,2
DA:3,2
DA:4,2
DA:7,7
DA:8,7
DA:9,0
DA:12,7
DA:14,6
DA:18,2
DA:20,2
DA:22,1
DA:26,2
DA:28,2
DA:30,1
DA:34,1
DA:36,1
DA:40,1
DA:41,1
DA:45,1
DA:47,1
DA:48,1
DA:52,1
DA:54,1
DA:55,1
DA:58,2
LF:25
LH:24
BRDA:8,0,0,0
BRF:1
BRH:0
end_of_record
TN:
SF:src/middlewares/errorHandlerMiddleware.ts
FN:8,errorHandlerMiddleware
FNF:1
FNH:1
FNDA:3,errorHandlerMiddleware
DA:2,2
DA:8,2
DA:14,3
DA:16,3
DA:17,3
DA:20,0
LF:6
LH:5
BRDA:16,0,0,3
BRF:1
BRH:1
end_of_record
TN:
SF:src/routers/recommendationRouter.ts
FNF:0
FNH:0
DA:1,2
DA:2,2
DA:4,2
DA:6,2
DA:7,2
DA:8,2
DA:9,2
DA:10,2
DA:11,2
DA:12,2
DA:14,2
LF:11
LH:11
BRF:0
BRH:0
end_of_record
TN:
SF:src/schemas/recommendationsSchemas.ts
FNF:0
FNH:0
DA:1,2
DA:4,2
DA:6,2
LF:3
LH:3
BRF:0
BRH:0
end_of_record
TN:
SF:src/services/recommendationsService.ts
FN:7,insert
FN:17,upvote
FN:23,downvote
FN:36,getByIdOrFail
FN:43,get
FN:47,getTop
FN:51,getRandom
FN:64,getByScore
FN:77,getScoreFilter
FNF:9
FNH:9
FNDA:9,insert
FNDA:4,upvote
FNDA:4,downvote
FNDA:9,getByIdOrFail
FNDA:2,get
FNDA:2,getTop
FNDA:3,getRandom
FNDA:3,getByScore
FNDA:3,getScoreFilter
DA:2,3
DA:3,3
DA:8,9
DA:11,9
DA:12,2
DA:14,7
DA:18,4
DA:20,2
DA:24,4
DA:26,3
DA:31,3
DA:32,1
DA:37,9
DA:38,9
DA:40,6
DA:44,2
DA:48,2
DA:52,3
DA:53,3
DA:55,3
DA:56,3
DA:57,1
DA:60,2
DA:61,2
DA:65,3
DA:70,3
DA:71,2
DA:74,1
DA:78,3
DA:79,1
DA:82,2
DA:85,3
LF:32
LH:32
BRDA:11,0,0,2
BRDA:31,1,0,1
BRDA:38,2,0,3
BRDA:56,3,0,1
BRDA:70,4,0,2
BRDA:78,5,0,1
BRF:6
BRH:6
end_of_record
